<?xml version="1.0" encoding="UTF-8"?>
<!-- Generated by org.testng.reporters.JUnitReportReporter -->
<testsuite hostname="DESKTOP-87CE79D" failures="0" tests="2" name="com.actitime.testscript.CustomerModule" time="50.467" errors="0" timestamp="2023-07-28T21:59:32 IST" skipped="0">
  <testcase classname="com.actitime.testscript.CustomerModule" name="testCreateCustomer" time="21.929"/>
  <testcase classname="com.actitime.testscript.CustomerModule" name="testCreateCustomer" time="28.538"/>
  <system-out>
    <![CDATA[OpenBrowser
OpenBrowser
login
login
logout
logout
CloseBrowser
CloseBrowser]]>
  </system-out>
</testsuite> <!-- com.actitime.testscript.CustomerModule -->
